VPR FPGA Placement and Routing.
Version: 8.1.0-dev+dadca7ecf
Revision: v8.0.0-rc2-2909-gdadca7ecf
Compiled: 2023-05-04T06:52:33
Compiler: GNU 10.2.1 on Linux-6.2.1-PRoot-Distro aarch64
Build Info: release IPO VTR_ASSERT_LEVEL=2

University of Toronto
verilogtorouting.org
vtr-users@googlegroups.com
This is free open source code under MIT license.

VPR was run with the following command-line:
vpr /data/data/com.termux/files/home/symbiflow/quicklogic-arch-defs/share/arch/ql-eos-s3_wlcsp/arch.timing.xml helloworldfpga.eblif --device ql-eos-s3 --max_router_iterations 500 --routing_failure_predictor off --router_high_fanout_threshold -1 --constant_net_method route --route_chan_width 100 --clock_modeling route --place_delay_model delta_override --router_lookahead map --check_route quick --strict_checks off --allow_dangling_combinational_nodes on --disable_errors check_unbuffered_edges:check_route --congested_routing_iteration_threshold 0.8 --incremental_reroute_delay_ripup off --base_cost_type delay_normalized_length_bounded --bb_factor 10 --initial_pres_fac 4.0 --check_rr_graph off --suppress_warnings ,sum_pin_class:check_unbuffered_edges:load_rr_indexed_data_T_values:check_rr_node:trans_per_R:check_route:set_rr_graph_tool_comment:warn_model_missing_timing --read_rr_graph /data/data/com.termux/files/home/symbiflow/quicklogic-arch-defs/share/arch/ql-eos-s3_wlcsp/rr_graph_ql-eos-s3_wlcsp.rr_graph.real.bin --read_placement_delay_lookup /data/data/com.termux/files/home/symbiflow/quicklogic-arch-defs/share/arch/ql-eos-s3_wlcsp/rr_graph_ql-eos-s3_wlcsp.place_delay.bin --sdc_file /data/data/com.termux/files/home/fpga/codes/build/helloworldfpga_dummy.sdc --fix_clusters helloworldfpga_constraints.place --place


Architecture file: /data/data/com.termux/files/home/symbiflow/quicklogic-arch-defs/share/arch/ql-eos-s3_wlcsp/arch.timing.xml
Circuit name: helloworldfpga

# Loading Architecture Description
# Loading Architecture Description took 1.17 seconds (max_rss 27.8 MiB, delta_rss +24.0 MiB)
# Building complex block graph
# Building complex block graph took 0.30 seconds (max_rss 34.6 MiB, delta_rss +6.8 MiB)
# Load circuit
# Load circuit took 0.00 seconds (max_rss 34.6 MiB, delta_rss +0.0 MiB)
# Clean circuit
Absorbed 41 LUT buffers
Inferred    3 additional primitive pins as constant generators since they have no combinationally connected inputs
Inferred    0 additional primitive pins as constant generators due to constant inputs
Inferred    0 additional primitive pins as constant generators since they have no combinationally connected inputs
Inferred    0 additional primitive pins as constant generators due to constant inputs
Inferred    0 additional primitive pins as constant generators since they have no combinationally connected inputs
Inferred    0 additional primitive pins as constant generators due to constant inputs
Swept input(s)      : 0
Swept output(s)     : 0 (0 dangling, 0 constant)
Swept net(s)        : 1
Swept block(s)      : 1
Constant Pins Marked: 3
# Clean circuit took 0.00 seconds (max_rss 34.6 MiB, delta_rss +0.0 MiB)
# Compress circuit
# Compress circuit took 0.00 seconds (max_rss 34.6 MiB, delta_rss +0.0 MiB)
# Verify circuit
# Verify circuit took 0.00 seconds (max_rss 34.6 MiB, delta_rss +0.0 MiB)
Circuit Statistics:
  Blocks: 22
    .input    :       6
    .output   :       2
    BIDIR_CELL:       8
    C_FRAG    :       1
    GND       :       1
    T_FRAG    :       3
    VCC       :       1
  Nets  : 20
    Avg Fanout:     3.0
    Max Fanout:    17.0
    Min Fanout:     1.0
  Netlist Clocks: 0
# Build Timing Graph
  Timing Graph Nodes: 80
  Timing Graph Edges: 110
  Timing Graph Levels: 10
# Build Timing Graph took 0.00 seconds (max_rss 34.6 MiB, delta_rss +0.0 MiB)
Netlist contains 0 clocks
# Load Timing Constraints

SDC file '/data/data/com.termux/files/home/fpga/codes/build/helloworldfpga_dummy.sdc' contained no SDC commands
Setting default timing constraints:
   * constrain all primay inputs and primary outputs on a virtual external clock 'virtual_io_clock'
   * optimize virtual clock to run as fast as possible
Timing constraints created 1 clocks
  Constrained Clock 'virtual_io_clock' (Virtual Clock)

# Load Timing Constraints took 0.00 seconds (max_rss 34.6 MiB, delta_rss +0.0 MiB)
Timing analysis: ON
Circuit netlist file: helloworldfpga.net
Circuit placement file: helloworldfpga.place
Circuit routing file: helloworldfpga.route
Circuit SDC file: /data/data/com.termux/files/home/fpga/codes/build/helloworldfpga_dummy.sdc

Packer: ENABLED
Placer: ENABLED
Router: DISABLED
Analysis: DISABLED

NetlistOpts.abosrb_buffer_luts            : true
NetlistOpts.sweep_dangling_primary_ios    : true
NetlistOpts.sweep_dangling_nets           : true
NetlistOpts.sweep_dangling_blocks         : true
NetlistOpts.sweep_constant_primary_outputs: false
NetlistOpts.netlist_verbosity             : 1
NetlistOpts.const_gen_inference           : COMB_SEQ

PackerOpts.allow_unrelated_clustering: auto
PackerOpts.alpha_clustering: 0.750000
PackerOpts.beta_clustering: 0.900000
PackerOpts.cluster_seed_type: BLEND2
PackerOpts.connection_driven: true
PackerOpts.global_clocks: true
PackerOpts.hill_climbing_flag: false
PackerOpts.inter_cluster_net_delay: 1.000000
PackerOpts.timing_driven: true
PackerOpts.target_external_pin_util: auto

PlacerOpts.place_freq: PLACE_ONCE
PlacerOpts.place_algorithm: CRITICALITY_TIMING_PLACE
PlacerOpts.pad_loc_type: FREE
PlacerOpts.constraints_file: Using constraints file 'helloworldfpga_constraints.place'
PlacerOpts.place_cost_exp: 1.000000
PlacerOpts.place_chan_width: 100
PlacerOpts.inner_loop_recompute_divider: 0
PlacerOpts.recompute_crit_iter: 1
PlacerOpts.timing_tradeoff: 0.500000
PlacerOpts.td_place_exp_first: 1.000000
PlacerOpts.td_place_exp_last: 8.000000
PlacerOpts.delay_offset: 0.000000
PlacerOpts.delay_ramp_delta_threshold: -1
PlacerOpts.delay_ramp_slope: 0.000000
PlacerOpts.tsu_rel_margin: 1.000000
PlacerOpts.tsu_abs_margin: 0.000000
PlacerOpts.post_place_timing_report_file: 
PlacerOpts.allowed_tiles_for_delay_model: 
PlacerOpts.delay_model_reducer: MIN
PlacerOpts.delay_model_type: DELTA_OVERRIDE
PlacerOpts.rlim_escape_fraction: 0.000000
PlacerOpts.move_stats_file: 
PlacerOpts.placement_saves_per_temperature: 0
PlacerOpts.effort_scaling: CIRCUIT
PlacerOpts.place_delta_delay_matrix_calculation_method: ASTAR_ROUTE
PlaceOpts.seed: 1
AnnealSched.type: AUTO_SCHED
AnnealSched.inner_num: 1.000000

RoutingArch.directionality: BI_DIRECTIONAL
RoutingArch.switch_block_type: WILTON
RoutingArch.Fs: 3

# Load Packing
Begin loading packed FPGA netlist file.
Netlist generated from file 'helloworldfpga.net'.
Detected 2 constant generators (to see names run with higher pack verbosity)
Finished loading packed FPGA netlist file (took 0.021222 seconds).
# Load Packing took 0.02 seconds (max_rss 34.9 MiB, delta_rss +0.3 MiB)
Warning 1: Netlist contains 0 global net to non-global architecture pin connections
Warning 2: Logic block #11 ($false) has only 1 output pin '$false.GND0_GND[0]'. It may be a constant generator.
Warning 3: Logic block #12 ($true) has only 1 output pin '$true.VCC0_VCC[0]'. It may be a constant generator.

Netlist num_nets: 12
Netlist num_blocks: 13
Netlist EMPTY blocks: 0.
Netlist PB-GMUX blocks: 0.
Netlist PB-LOGIC blocks: 3.
Netlist PB-CLOCK blocks: 0.
Netlist PB-MULT blocks: 0.
Netlist PB-SDIOMUX blocks: 0.
Netlist PB-RAM blocks: 0.
Netlist PB-SYN_VCC blocks: 1.
Netlist PB-BIDIR blocks: 8.
Netlist PB-SYN_GND blocks: 1.
Netlist PB-ASSP blocks: 0.
Netlist inputs pins: 6
Netlist output pins: 18


Pb types usage...
  PB-LOGIC          : 3
   LOGIC            : 3
    FRAGS           : 3
     c_frag_modes   : 3
      SINGLE        : 1
       c_frag       : 1
      SPLIT         : 2
       b_frag       : 2
       t_frag       : 1
  PB-SYN_VCC        : 1
   VCC              : 1
  PB-BIDIR          : 8
   BIDIR            : 8
    INPUT           : 6
     bidir          : 6
     inpad          : 6
    OUTPUT          : 2
     bidir          : 2
     outpad         : 2
  PB-SYN_GND        : 1
   GND              : 1

# Create Device
## Build Device Grid
FPGA sized to 39 x 35: 1365 grid tiles (ql-eos-s3)

Resource usage...
	Netlist
		0	blocks of type: PB-GMUX
	Architecture
		5	blocks of type: TL-GMUX
	Netlist
		3	blocks of type: PB-LOGIC
	Architecture
		891	blocks of type: TL-LOGIC
	Netlist
		0	blocks of type: PB-CLOCK
	Architecture
		5	blocks of type: TL-CLOCK
	Netlist
		0	blocks of type: PB-MULT
	Architecture
		2	blocks of type: TL-MULT
	Netlist
		0	blocks of type: PB-SDIOMUX
	Architecture
		14	blocks of type: TL-SDIOMUX
	Netlist
		0	blocks of type: PB-RAM
	Architecture
		4	blocks of type: TL-RAM
	Netlist
		1	blocks of type: PB-SYN_VCC
	Architecture
		1	blocks of type: TL-SYN_VCC
	Netlist
		8	blocks of type: PB-BIDIR
	Architecture
		32	blocks of type: TL-BIDIR
	Netlist
		1	blocks of type: PB-SYN_GND
	Architecture
		1	blocks of type: TL-SYN_GND
	Netlist
		0	blocks of type: PB-ASSP
	Architecture
		1	blocks of type: TL-ASSP

Device Utilization: 0.01 (target 1.00)
	Physical Tile TL-LOGIC:
	Block Utilization: 0.00 Logical Block: PB-LOGIC
	Physical Tile TL-RAM:
	Block Utilization: 0.00 Logical Block: PB-RAM
	Physical Tile TL-MULT:
	Block Utilization: 0.00 Logical Block: PB-MULT
	Physical Tile TL-BIDIR:
	Block Utilization: 0.25 Logical Block: PB-BIDIR
	Physical Tile TL-CLOCK:
	Block Utilization: 0.00 Logical Block: PB-CLOCK
	Physical Tile TL-SDIOMUX:
	Block Utilization: 0.00 Logical Block: PB-SDIOMUX
	Physical Tile TL-GMUX:
	Block Utilization: 0.00 Logical Block: PB-GMUX
	Physical Tile TL-ASSP:
	Block Utilization: 0.00 Logical Block: PB-ASSP
	Physical Tile TL-SYN_VCC:
	Block Utilization: 1.00 Logical Block: PB-SYN_VCC
	Physical Tile TL-SYN_GND:
	Block Utilization: 1.00 Logical Block: PB-SYN_GND

## Build Device Grid took 0.02 seconds (max_rss 35.0 MiB, delta_rss +0.0 MiB)
## Loading routing resource graph


## Loading routing resource graph took 1.36 seconds (max_rss 342.9 MiB, delta_rss +307.9 MiB)
  RR Graph Nodes: 1396446
  RR Graph Edges: 2337988
# Create Device took 5.57 seconds (max_rss 390.5 MiB, delta_rss +355.4 MiB)

# Computing router lookahead map
## Computing wire lookahead
Warning 4: Unable to find any sample location for segment CHANX type 'generic' (length 1)
Warning 5: Unable to find any sample location for segment CHANY type 'generic' (length 1)
Warning 6: Unable to find any sample location for segment CHANX type 'pad' (length 1)
Warning 7: Unable to find any sample location for segment CHANY type 'pad' (length 1)
## Computing wire lookahead took 84.34 seconds (max_rss 390.5 MiB, delta_rss +0.0 MiB)
## Computing src/opin lookahead
## Computing src/opin lookahead took 0.00 seconds (max_rss 390.5 MiB, delta_rss +0.0 MiB)
# Computing router lookahead map took 84.34 seconds (max_rss 390.5 MiB, delta_rss +0.0 MiB)
# Placement
## Computing placement delta delay look-up
  RR Graph Nodes: 1396446
  RR Graph Edges: 2337988
## Computing placement delta delay look-up took 3.47 seconds (max_rss 448.5 MiB, delta_rss +58.0 MiB)
Warning 8: CHANX place cost fac is 0 at 2 2
Warning 9: CHANX place cost fac is 0 at 34 34
Warning 10: CHANY place cost fac is 0 at 38 38
## Initial Placement
Reading helloworldfpga_constraints.place.

Successfully read helloworldfpga_constraints.place.

## Initial Placement took 0.00 seconds (max_rss 448.5 MiB, delta_rss +0.0 MiB)

There are 51 point to point connections in this circuit.


BB estimate of min-dist (placement) wire length: 452

Completed placement consistency check successfully.
Initial placement cost: 1 bb_cost: 0.662477 td_cost: 1.62403e-07
Initial placement estimated Critical Path Delay (CPD): 49.1695 ns
Initial placement estimated setup Total Negative Slack (sTNS): -93.7007 ns
Initial placement estimated setup Worst Negative Slack (sWNS): -49.1695 ns

Initial placement estimated setup slack histogram:
[ -4.9e-08: -4.9e-08) 1 ( 50.0%) |**************************************************
[ -4.9e-08: -4.8e-08) 0 (  0.0%) |
[ -4.8e-08: -4.8e-08) 0 (  0.0%) |
[ -4.8e-08: -4.7e-08) 0 (  0.0%) |
[ -4.7e-08: -4.7e-08) 0 (  0.0%) |
[ -4.7e-08: -4.6e-08) 0 (  0.0%) |
[ -4.6e-08: -4.6e-08) 0 (  0.0%) |
[ -4.6e-08: -4.5e-08) 0 (  0.0%) |
[ -4.5e-08: -4.5e-08) 0 (  0.0%) |
[ -4.5e-08: -4.5e-08) 1 ( 50.0%) |**************************************************
Placement contains 0 placement macros involving 0 blocks (average macro size nan)

Moves per temperature: 30
Warning 11: Starting t: 7 of 13 configurations accepted.

---- ------ ------- ------- ---------- ---------- ------- ---------- -------- ------- ------- ------ -------- --------- ------
Tnum   Time       T Av Cost Av BB Cost Av TD Cost     CPD       sTNS     sWNS Ac Rate Std Dev  R lim Crit Exp Tot Moves  Alpha
      (sec)                                          (ns)       (ns)     (ns)                                                 
---- ------ ------- ------- ---------- ---------- ------- ---------- -------- ------- ------- ------ -------- --------- ------
   1    0.0 3.7e+00   0.741       0.64 1.4428e-07  59.782        -97  -59.782   0.667  0.0603   38.0     1.00        30  0.200
   2    0.0 3.5e+00   1.237       0.71 1.7914e-07  43.980      -79.9  -43.980   0.667  0.1968   38.0     1.00        60  0.950
   3    0.0 3.3e+00   1.041       0.68 1.7e-07     47.113      -90.8  -47.113   0.600  0.1261   38.0     1.00        90  0.950
   4    0.0 3.1e+00   0.957       0.63 1.3838e-07  47.436      -88.5  -47.436   0.367  0.0996   38.0     1.00       120  0.950
   5    0.0 3.0e+00   1.252       0.74 1.6825e-07  46.366      -83.8  -46.366   0.500  0.0913   35.2     1.53       150  0.950
   6    0.0 2.8e+00   1.064       0.71 1.8286e-07  47.592      -89.7  -47.592   0.400  0.0651   37.3     1.13       180  0.950
   7    0.0 2.7e+00   0.835       0.61 1.5077e-07  50.238      -93.5  -50.238   0.633  0.0836   35.8     1.41       210  0.950
   8    0.0 2.6e+00   0.974       0.67 1.5349e-07  46.663      -78.1  -46.663   0.600  0.0645   38.0     1.00       240  0.950
   9    0.0 2.4e+00   1.010       0.64 1.6012e-07  46.179      -91.8  -46.179   0.567  0.1044   38.0     1.00       270  0.950
  10    0.0 2.3e+00   0.904       0.61 1.4841e-07  45.952      -87.3  -45.952   0.600  0.1360   38.0     1.00       300  0.950
  11    0.0 2.2e+00   1.134       0.73 1.8104e-07  47.156      -80.5  -47.156   0.600  0.0684   38.0     1.00       330  0.950
  12    0.0 2.1e+00   0.877       0.73 1.548e-07   53.864      -88.3  -53.864   0.600  0.1324   38.0     1.00       360  0.950
  13    0.0 2.0e+00   1.254       0.73 1.6153e-07  47.790      -91.4  -47.790   0.467  0.2071   38.0     1.00       390  0.950
  14    0.0 1.9e+00   0.887       0.66 1.7139e-07  51.332      -96.2  -51.332   0.600  0.0906   38.0     1.00       420  0.950
  15    0.0 1.8e+00   0.788       0.63 1.5721e-07  53.005      -98.4  -53.005   0.600  0.1060   38.0     1.00       450  0.950
  16    0.0 1.7e+00   1.022       0.69 1.621e-07   51.131      -93.3  -51.131   0.600  0.1709   38.0     1.00       480  0.950
  17    0.0 1.6e+00   1.166       0.69 1.7427e-07  46.592      -90.4  -46.592   0.500  0.1043   38.0     1.00       510  0.950
  18    0.0 1.5e+00   0.879       0.69 1.4766e-07  54.938      -94.6  -54.938   0.700  0.1399   38.0     1.00       540  0.950
  19    0.0 1.5e+00   1.117       0.67 1.6064e-07  46.945      -87.7  -46.945   0.667  0.1324   38.0     1.00       570  0.950
  20    0.0 1.4e+00   1.198       0.68 1.5931e-07  44.094      -75.5  -44.094   0.600  0.1975   38.0     1.00       600  0.950
  21    0.0 1.3e+00   0.948       0.62 1.5069e-07  54.720      -86.1  -54.720   0.600  0.1389   38.0     1.00       630  0.950
  22    0.0 1.2e+00   1.232       0.74 1.7198e-07  46.901        -86  -46.901   0.600  0.1005   38.0     1.00       660  0.950
  23    0.0 1.2e+00   0.979       0.70 1.8211e-07  49.494      -86.6  -49.494   0.600  0.0635   38.0     1.00       690  0.950
  24    0.0 1.1e+00   0.875       0.66 1.639e-07   48.044      -94.4  -48.044   0.533  0.0792   38.0     1.00       720  0.950
  25    0.0 1.1e+00   1.079       0.66 1.6378e-07  47.985      -91.3  -47.985   0.633  0.1279   38.0     1.00       750  0.950
  26    0.0 1.0e+00   0.867       0.67 1.7178e-07  50.652        -95  -50.652   0.633  0.0748   38.0     1.00       780  0.950
  27    0.0 9.6e-01   1.141       0.72 1.8499e-07  48.210      -86.4  -48.210   0.633  0.1626   38.0     1.00       810  0.950
  28    0.0 9.1e-01   0.970       0.67 1.7043e-07  51.297      -90.4  -51.297   0.467  0.0664   38.0     1.00       840  0.950
  29    0.0 8.7e-01   0.810       0.66 1.3691e-07  50.553      -85.4  -50.553   0.633  0.1164   38.0     1.00       870  0.950
  30    0.0 8.3e-01   0.968       0.62 1.5178e-07  48.355      -95.9  -48.355   0.467  0.1366   38.0     1.00       900  0.950
  31    0.0 7.8e-01   0.991       0.73 1.7011e-07  53.518      -89.9  -53.518   0.467  0.1722   38.0     1.00       930  0.950
  32    0.0 7.5e-01   0.793       0.67 1.7177e-07  53.538       -102  -53.538   0.567  0.1064   38.0     1.00       960  0.950
  33    0.0 7.1e-01   0.796       0.63 1.3789e-07  53.174      -89.3  -53.174   0.600  0.1241   38.0     1.00       990  0.950
  34    0.0 6.7e-01   1.070       0.66 1.6604e-07  47.529      -93.1  -47.529   0.600  0.1623   38.0     1.00      1020  0.950
  35    0.0 6.4e-01   1.473       0.73 1.7891e-07  38.250      -71.6  -38.250   0.567  0.2010   38.0     1.00      1050  0.950
  36    0.0 6.1e-01   0.817       0.70 1.6003e-07  53.181      -97.4  -53.181   0.600  0.0780   38.0     1.00      1080  0.950
  37    0.0 5.8e-01   0.759       0.60 1.3585e-07  52.214      -95.5  -52.214   0.533  0.1202   38.0     1.00      1110  0.950
  38    0.0 5.5e-01   1.225       0.66 1.5301e-07  42.250      -79.2  -42.250   0.500  0.1226   38.0     1.00      1140  0.950
  39    0.0 5.2e-01   0.873       0.58 1.5193e-07  49.107      -91.8  -49.107   0.467  0.1180   38.0     1.00      1170  0.950
  40    0.0 4.9e-01   1.129       0.74 1.9127e-07  50.377      -86.3  -50.377   0.567  0.1170   38.0     1.00      1200  0.950
  41    0.0 4.7e-01   1.122       0.80 1.7531e-07  51.517      -88.8  -51.517   0.533  0.1371   38.0     1.00      1230  0.950
  42    0.0 4.5e-01   0.854       0.71 1.5422e-07  56.988      -98.9  -56.988   0.533  0.0920   38.0     1.00      1260  0.950
  43    0.0 4.2e-01   1.040       0.68 1.6479e-07  44.272      -87.4  -44.272   0.633  0.1233   38.0     1.00      1290  0.950
  44    0.0 4.0e-01   0.998       0.54 1.2645e-07  42.612      -79.9  -42.612   0.400  0.0984   38.0     1.00      1320  0.950
  45    0.0 3.8e-01   1.287       0.68 1.5307e-07  41.577      -76.2  -41.577   0.667  0.2607   36.5     1.29      1350  0.950
  46    0.0 3.6e-01   0.883       0.62 1.4208e-07  47.570      -91.1  -47.570   0.367  0.1223   38.0     1.00      1380  0.950
  47    0.0 3.5e-01   0.994       0.65 1.5968e-07  44.840      -88.7  -44.840   0.500  0.1510   35.2     1.53      1410  0.950
  48    0.0 3.3e-01   1.229       0.63 1.5067e-07  41.602      -74.6  -41.602   0.500  0.1508   37.3     1.13      1440  0.950
  49    0.0 3.1e-01   0.865       0.59 1.4686e-07  47.441      -91.7  -47.441   0.400  0.0837   38.0     1.00      1470  0.950
  50    0.0 3.0e-01   1.166       0.65 1.5814e-07  47.006      -85.1  -47.006   0.367  0.1962   36.5     1.29      1500  0.950
  51    0.0 2.8e-01   0.981       0.75 1.765e-07   48.820      -89.2  -48.820   0.533  0.1138   33.8     1.79      1530  0.950
  52    0.0 2.7e-01   0.995       0.65 1.4797e-07  41.192      -81.1  -41.192   0.400  0.0909   37.0     1.20      1560  0.950
  53    0.0 2.5e-01   0.938       0.64 1.4883e-07  50.031        -86  -50.031   0.533  0.1633   35.5     1.48      1590  0.950
  54    0.0 2.4e-01   0.879       0.70 1.7233e-07  57.603      -97.8  -57.603   0.567  0.1290   38.0     1.00      1620  0.950
  55    0.0 2.3e-01   0.974       0.55 1.2448e-07  44.488      -81.7  -44.488   0.433  0.1015   38.0     1.00      1650  0.950
  56    0.0 2.2e-01   1.034       0.65 1.5944e-07  49.181      -93.4  -49.181   0.400  0.1243   37.7     1.05      1680  0.950
  57    0.0 2.1e-01   1.148       0.63 1.4714e-07  45.051      -79.4  -45.051   0.367  0.1284   36.2     1.33      1710  0.950
  58    0.0 2.0e-01   1.117       0.59 1.5026e-07  45.536      -83.8  -45.536   0.233  0.0683   33.6     1.84      1740  0.950
  59    0.0 1.9e-01   1.036       0.66 1.5606e-07  48.747      -89.5  -48.747   0.467  0.0708   26.6     3.15      1770  0.950
  60    0.0 1.8e-01   0.803       0.62 1.2972e-07  51.469      -95.9  -51.469   0.367  0.0815   27.4     3.01      1800  0.950
  61    0.0 1.7e-01   0.949       0.67 1.402e-07   50.953      -89.3  -50.953   0.533  0.1175   25.3     3.39      1830  0.950
  62    0.0 1.6e-01   0.965       0.74 1.5846e-07  49.314      -89.4  -49.314   0.633  0.0678   27.7     2.95      1860  0.950
  63    0.0 1.5e-01   0.956       0.69 1.4941e-07  49.740      -86.9  -49.740   0.467  0.0945   33.1     1.93      1890  0.950
  64    0.0 1.4e-01   0.909       0.63 1.4347e-07  48.732      -95.4  -48.732   0.467  0.1036   33.9     1.77      1920  0.950
  65    0.0 1.4e-01   0.838       0.57 1.1762e-07  45.413      -80.9  -45.413   0.300  0.0998   34.9     1.60      1950  0.950
  66    0.0 1.3e-01   1.018       0.68 1.7802e-07  49.071      -97.7  -49.071   0.567  0.0798   30.0     2.52      1980  0.950
  67    0.0 1.2e-01   0.868       0.62 1.3835e-07  52.587      -94.2  -52.587   0.400  0.1189   33.8     1.80      2010  0.950
  68    0.0 1.2e-01   0.956       0.53 1.233e-07   43.537      -86.5  -43.537   0.467  0.0775   32.4     2.06      2040  0.950
  69    0.0 1.1e-01   1.086       0.49 1.1545e-07  39.304      -75.4  -39.304   0.200  0.1187   33.3     1.89      2070  0.950
  70    0.0 1.1e-01   1.034       0.55 1.1517e-07  43.867      -80.9  -43.867   0.233  0.1049   25.3     3.40      2100  0.950
  71    0.0 1.0e-01   0.857       0.53 1.1789e-07  43.288      -86.3  -43.288   0.333  0.0537   20.1     4.39      2130  0.950
  72    0.0 9.6e-02   1.102       0.58 1.0705e-07  44.754      -78.9  -44.754   0.467  0.1128   17.9     4.80      2160  0.950
  73    0.0 9.1e-02   0.881       0.59 1.3575e-07  48.907      -87.7  -48.907   0.533  0.0998   18.4     4.71      2190  0.950
  74    0.0 8.6e-02   0.812       0.52 1.1387e-07  48.268      -93.9  -48.268   0.233  0.1105   20.1     4.38      2220  0.950
  75    0.0 8.2e-02   1.060       0.44 9.1298e-08  40.290      -74.5  -40.290   0.133  0.0201   16.0     5.17      2250  0.950
  76    0.0 7.8e-02   0.992       0.45 7.4735e-08  41.074      -75.1  -41.074   0.400  0.0641   11.1     6.10      2280  0.950
  77    0.0 7.4e-02   1.069       0.46 8.8451e-08  39.125      -73.1  -39.125   0.367  0.0936   10.6     6.18      2310  0.950
  78    0.0 7.0e-02   0.908       0.49 9.1409e-08  44.701      -78.9  -44.701   0.200  0.0765    9.8     6.33      2340  0.950
  79    0.0 6.7e-02   0.970       0.48 7.9148e-08  41.473      -77.2  -41.473   0.333  0.0613    7.5     6.77      2370  0.950
  80    0.0 6.4e-02   0.844       0.46 6.3559e-08  42.769      -82.7  -42.769   0.300  0.0400    6.7     6.92      2400  0.950
  81    0.0 6.0e-02   1.005       0.43 8.4046e-08  37.671      -74.3  -37.671   0.300  0.0551    5.7     7.10      2430  0.950
  82    0.0 5.7e-02   1.020       0.43 8.9323e-08  37.503      -74.4  -37.503   0.433  0.0278    4.9     7.25      2460  0.950
  83    0.0 5.4e-02   1.006       0.42 8.146e-08   37.649      -72.5  -37.649   0.400  0.0482    4.9     7.26      2490  0.950
  84    0.0 5.2e-02   1.130       0.44 8.0508e-08  38.133      -71.9  -38.133   0.533  0.1181    4.7     7.30      2520  0.950
  85    0.0 4.9e-02   0.909       0.46 8.5693e-08  44.301      -79.7  -44.301   0.367  0.0525    5.2     7.21      2550  0.950
  86    0.0 4.7e-02   0.913       0.42 7.9342e-08  40.469      -78.9  -40.469   0.400  0.0275    4.8     7.29      2580  0.950
  87    0.0 4.4e-02   1.049       0.44 8.2935e-08  39.018      -74.5  -39.018   0.400  0.0353    4.6     7.32      2610  0.950
  88    0.0 4.2e-02   1.019       0.46 9.1266e-08  41.630      -78.1  -41.630   0.300  0.0329    4.4     7.36      2640  0.950
  89    0.0 4.0e-02   0.935       0.45 8.0634e-08  41.483      -72.7  -41.483   0.667  0.0260    3.8     7.47      2670  0.950
  90    0.0 3.8e-02   0.977       0.45 8.3373e-08  39.301        -74  -39.301   0.533  0.0503    4.6     7.31      2700  0.950
  91    0.0 3.6e-02   0.999       0.42 7.979e-08   38.652      -72.1  -38.652   0.233  0.0238    5.1     7.23      2730  0.950
  92    0.0 3.4e-02   0.954       0.43 7.2476e-08  37.872      -72.1  -37.872   0.400  0.0217    4.0     7.43      2760  0.950
  93    0.0 3.3e-02   1.056       0.43 8.4293e-08  37.982      -73.4  -37.982   0.333  0.0225    3.9     7.46      2790  0.950
  94    0.0 3.1e-02   0.932       0.42 7.6523e-08  37.982      -74.3  -37.982   0.300  0.0301    3.5     7.54      2820  0.950
  95    0.0 2.9e-02   1.011       0.41 7.1397e-08  36.970      -69.6  -36.970   0.333  0.0256    3.0     7.63      2850  0.950
  96    0.0 2.8e-02   1.033       0.41 7.7802e-08  36.707        -71  -36.707   0.367  0.0200    2.7     7.69      2880  0.950
  97    0.0 2.7e-02   1.001       0.42 7.1023e-08  38.326        -71  -38.326   0.333  0.0148    2.5     7.72      2910  0.950
  98    0.0 2.5e-02   0.957       0.40 6.9526e-08  37.577      -69.1  -37.577   0.333  0.0183    2.2     7.77      2940  0.950
  99    0.0 2.4e-02   0.972       0.40 7.2411e-08  37.607      -71.8  -37.607   0.300  0.0090    2.0     7.82      2970  0.950
 100    0.0 2.3e-02   1.003       0.41 6.7117e-08  37.733        -72  -37.733   0.200  0.0126    1.7     7.87      3000  0.950
 101    0.0 2.2e-02   1.013       0.41 6.4769e-08  36.828        -70  -36.828   0.067  0.0075    1.3     7.95      3030  0.950
 102    0.0 2.1e-02   0.978       0.41 7.018e-08   36.828      -72.8  -36.828   0.333  0.0145    1.0     8.00      3060  0.950
 103    0.0 2.0e-02   1.025       0.39 7.8486e-08  35.587        -71  -35.587   0.300  0.0270    1.0     8.00      3090  0.950
 104    0.0 1.9e-02   0.994       0.40 6.7292e-08  36.578      -71.1  -36.578   0.300  0.0240    1.0     8.00      3120  0.950
 105    0.0 1.8e-02   0.989       0.39 6.187e-08   35.991      -69.2  -35.991   0.333  0.0044    1.0     8.00      3150  0.950
 106    0.0 1.7e-02   1.007       0.38 6.22e-08    36.180      -70.5  -36.180   0.267  0.0157    1.0     8.00      3180  0.950
 107    0.0 1.6e-02   0.995       0.39 6.3548e-08  36.980      -69.9  -36.980   0.267  0.0244    1.0     8.00      3210  0.950
 108    0.0 1.5e-02   1.003       0.39 6.6342e-08  35.991      -70.7  -35.991   0.200  0.0109    1.0     8.00      3240  0.950
 109    0.0 1.4e-02   1.028       0.39 7.4269e-08  36.184      -72.4  -36.184   0.367  0.0134    1.0     8.00      3270  0.950
 110    0.0 1.4e-02   0.972       0.38 6.9764e-08  36.605      -71.1  -36.605   0.167  0.0107    1.0     8.00      3300  0.950
 111    0.0 1.3e-02   1.042       0.40 6.3933e-08  35.743        -67  -35.743   0.367  0.0160    1.0     8.00      3330  0.950
 112    0.0 1.2e-02   0.989       0.40 6.4407e-08  37.320        -69  -37.320   0.267  0.0170    1.0     8.00      3360  0.950
 113    0.0 1.2e-02   1.005       0.39 7.1187e-08  36.445        -70  -36.445   0.167  0.0315    1.0     8.00      3390  0.950
 114    0.0 1.1e-02   0.943       0.39 6.0612e-08  38.954      -70.7  -38.954   0.267  0.0253    1.0     8.00      3420  0.950
 115    0.0 1.1e-02   1.002       0.39 6.2238e-08  36.297      -66.9  -36.297   0.300  0.0016    1.0     8.00      3450  0.950
 116    0.0 1.0e-02   0.998       0.39 6.4495e-08  36.445      -67.4  -36.445   0.267  0.0037    1.0     8.00      3480  0.950
 117    0.0 9.5e-03   1.004       0.39 6.494e-08   36.297      -68.9  -36.297   0.267  0.0029    1.0     8.00      3510  0.950
 118    0.0 9.0e-03   0.999       0.39 6.3615e-08  36.297      -67.8  -36.297   0.233  0.0018    1.0     8.00      3540  0.950
 119    0.0 8.6e-03   0.992       0.39 6.5402e-08  36.445      -68.8  -36.445   0.167  0.0026    1.0     8.00      3570  0.950
 120    0.0 8.2e-03   1.002       0.38 6.3877e-08  36.297        -68  -36.297   0.200  0.0023    1.0     8.00      3600  0.950
 121    0.0 7.8e-03   0.993       0.39 6.3828e-08  36.297      -68.6  -36.297   0.267  0.0128    1.0     8.00      3630  0.950
 122    0.0 7.4e-03   0.999       0.38 5.7115e-08  36.983        -70  -36.983   0.167  0.0052    1.0     8.00      3660  0.950
 123    0.0 7.0e-03   0.982       0.38 6.1794e-08  36.078      -70.5  -36.078   0.067  0.0039    1.0     8.00      3690  0.950
 124    0.0 5.6e-03   1.005       0.38 5.7728e-08  36.078      -67.3  -36.078   0.233  0.0031    1.0     8.00      3720  0.800
 125    0.0 5.3e-03   1.009       0.38 5.8218e-08  36.078      -67.5  -36.078   0.133  0.0040    1.0     8.00      3750  0.950
 126    0.0 4.3e-03   1.000       0.39 5.779e-08   36.078      -67.4  -36.078   0.067  0.0021    1.0     8.00      3780  0.800
 127    0.0 3.4e-03   0.999       0.39 5.8766e-08  36.078      -68.9  -36.078   0.033  0.0000    1.0     8.00      3810  0.800
 128    0.0 2.7e-03   0.996       0.38 5.8336e-08  36.078      -67.4  -36.078   0.167  0.0090    1.0     8.00      3840  0.800
 129    0.0 2.6e-03   1.000       0.38 5.4466e-08  36.180      -67.4  -36.180   0.000  0.0000    1.0     8.00      3870  0.950
 130    0.0 2.1e-03   1.000       0.39 5.44e-08    36.180      -67.4  -36.180   0.033  0.0000    1.0     8.00      3900  0.800
 131    0.0 1.7e-03   1.000       0.39 5.4325e-08  36.180      -67.6  -36.180   0.000  0.0000    1.0     8.00      3930  0.800
 132    0.0 1.3e-03   1.000       0.39 5.4325e-08  36.180      -67.6  -36.180   0.000  0.0000    1.0     8.00      3960  0.800
 133    0.0 1.1e-03   1.000       0.39 5.4325e-08  36.180      -67.6  -36.180   0.000  0.0000    1.0     8.00      3990  0.800
 134    0.0 8.5e-04   1.000       0.38 5.4362e-08  36.180      -67.6  -36.180   0.033  0.0000    1.0     8.00      4020  0.800
 135    0.0 6.8e-04   1.000       0.38 5.4466e-08  36.180      -67.4  -36.180   0.000  0.0000    1.0     8.00      4050  0.800
 136    0.0 5.4e-04   1.000       0.38 5.4466e-08  36.180      -67.4  -36.180   0.000  0.0000    1.0     8.00      4080  0.800
 137    0.0 4.3e-04   1.000       0.38 5.4466e-08  36.180      -67.4  -36.180   0.000  0.0000    1.0     8.00      4110  0.800
 138    0.0 0.0e+00   1.000       0.38 5.4466e-08  36.180      -67.4  -36.180   0.000  0.0000    1.0     8.00      4140  0.800
## Placement Quench took 0.00 seconds (max_rss 448.5 MiB)

BB estimate of min-dist (placement) wire length: 190

Completed placement consistency check successfully.

Swaps called: 4153

Aborted Move Reasons:
  No moves aborted

Placement estimated critical path delay (least slack): 36.1804 ns, Fmax: 27.6393 MHz
Placement estimated setup Worst Negative Slack (sWNS): -36.1804 ns
Placement estimated setup Total Negative Slack (sTNS): -67.4203 ns

Placement estimated setup slack histogram:
[ -3.6e-08: -3.6e-08) 1 ( 50.0%) |**************************************************
[ -3.6e-08: -3.5e-08) 0 (  0.0%) |
[ -3.5e-08: -3.5e-08) 0 (  0.0%) |
[ -3.5e-08: -3.4e-08) 0 (  0.0%) |
[ -3.4e-08: -3.4e-08) 0 (  0.0%) |
[ -3.4e-08: -3.3e-08) 0 (  0.0%) |
[ -3.3e-08: -3.3e-08) 0 (  0.0%) |
[ -3.3e-08: -3.2e-08) 0 (  0.0%) |
[ -3.2e-08: -3.2e-08) 0 (  0.0%) |
[ -3.2e-08: -3.1e-08) 1 ( 50.0%) |**************************************************

Placement estimated geomean non-virtual intra-domain period: nan ns (nan MHz)
Placement estimated fanout-weighted geomean non-virtual intra-domain period: nan ns (nan MHz)

Placement cost: 1, bb_cost: 0.384715, td_cost: 5.44657e-08, 

Placement resource usage:
  PB-LOGIC   implemented as TL-LOGIC  : 3
  PB-SYN_VCC implemented as TL-SYN_VCC: 1
  PB-BIDIR   implemented as TL-BIDIR  : 8
  PB-SYN_GND implemented as TL-SYN_GND: 1

Placement number of temperatures: 138
Placement total # of swap attempts: 4153
	Swaps accepted: 1607 (38.7 %)
	Swaps rejected:  860 (20.7 %)
	Swaps aborted : 1686 (40.6 %)
Placement Quench timing analysis took 4.4692e-05 seconds (3.1769e-05 STA, 1.2923e-05 slack) (1 full updates: 1 setup, 0 hold, 0 combined).
Placement Total  timing analysis took 0.00724254 seconds (0.00504354 STA, 0.002199 slack) (140 full updates: 140 setup, 0 hold, 0 combined).
update_td_costs: connections 0 nets 0 sum_nets 0 total 0
Incr Slack updates 140 in 0.000469533 sec
Full Max Req/Worst Slack updates 66 in 0.000184694 sec
Incr Max Req/Worst Slack updates 74 in 0.000154685 sec
Incr Criticality updates 19 in 8.1078e-05 sec
Full Criticality updates 121 in 0.000674148 sec
# Placement took 3.51 seconds (max_rss 448.5 MiB, delta_rss +58.0 MiB)

Flow timing analysis took 0.00724254 seconds (0.00504354 STA, 0.002199 slack) (140 full updates: 140 setup, 0 hold, 0 combined).
VPR succeeded
The entire flow of VPR took 95.03 seconds (max_rss 448.5 MiB)
