#Timing report of worst 2 path(s)
# Unit scale: 1e-09 seconds
# Output precision: 3

#Path 1
Startpoint: R.inpad[0] (.input clocked by virtual_io_clock)
Endpoint  : out:A.outpad[0] (.output clocked by virtual_io_clock)
Path Type : setup

Point                                                                        Incr      Path
-------------------------------------------------------------------------------------------
clock virtual_io_clock (rise edge)                                          0.000     0.000
clock source latency                                                        0.000     0.000
input external delay                                                        0.000     0.000
R.inpad[0] (.input)                                                         0.000     0.000
$iopadmap$helloworldfpga.R.I_PAD_$inp[0] (BIDIR_CELL)                       0.000     0.000
$iopadmap$helloworldfpga.R.I_DAT[0] (BIDIR_CELL)                           10.958    10.958
Z_LUT4_I2.c_frag.TB2[0] (C_FRAG)                                            0.000    10.958
Z_LUT4_I2.c_frag.CZ[0] (C_FRAG)                                             1.691    12.649
A_LUT3_O.t_frag.XA2[0] (T_FRAG)                                             0.000    12.649
A_LUT3_O.t_frag.XZ[0] (T_FRAG)                                              1.605    14.255
$iopadmap$helloworldfpga.A.O_DAT[0] (BIDIR_CELL)                            0.000    14.255
$iopadmap$helloworldfpga.A.O_PAD_$out[0] (BIDIR_CELL)                       9.809    24.064
out:A.outpad[0] (.output)                                                   0.000    24.064
data arrival time                                                                    24.064

clock virtual_io_clock (rise edge)                                          0.000     0.000
clock source latency                                                        0.000     0.000
clock uncertainty                                                           0.000     0.000
output external delay                                                       0.000     0.000
data required time                                                                    0.000
-------------------------------------------------------------------------------------------
data required time                                                                    0.000
data arrival time                                                                   -24.064
-------------------------------------------------------------------------------------------
slack (VIOLATED)                                                                    -24.064


#Path 2
Startpoint: R.inpad[0] (.input clocked by virtual_io_clock)
Endpoint  : out:B.outpad[0] (.output clocked by virtual_io_clock)
Path Type : setup

Point                                                                        Incr      Path
-------------------------------------------------------------------------------------------
clock virtual_io_clock (rise edge)                                          0.000     0.000
clock source latency                                                        0.000     0.000
input external delay                                                        0.000     0.000
R.inpad[0] (.input)                                                         0.000     0.000
$iopadmap$helloworldfpga.R.I_PAD_$inp[0] (BIDIR_CELL)                       0.000     0.000
$iopadmap$helloworldfpga.R.I_DAT[0] (BIDIR_CELL)                           10.958    10.958
B_LUT2_O.t_frag.XSL[0] (T_FRAG)                                             0.000    10.958
B_LUT2_O.t_frag.XZ[0] (T_FRAG)                                              1.462    12.420
$iopadmap$helloworldfpga.B.O_DAT[0] (BIDIR_CELL)                            0.000    12.420
$iopadmap$helloworldfpga.B.O_PAD_$out[0] (BIDIR_CELL)                       9.809    22.229
out:B.outpad[0] (.output)                                                   0.000    22.229
data arrival time                                                                    22.229

clock virtual_io_clock (rise edge)                                          0.000     0.000
clock source latency                                                        0.000     0.000
clock uncertainty                                                           0.000     0.000
output external delay                                                       0.000     0.000
data required time                                                                    0.000
-------------------------------------------------------------------------------------------
data required time                                                                    0.000
data arrival time                                                                   -22.229
-------------------------------------------------------------------------------------------
slack (VIOLATED)                                                                    -22.229


#End of timing report
